Determining if the pthread_create exist failed with the following output:
Change Dir: /home/julia/Desktop/pipeline_pcl_libpointmatcher/qt/build-debug_initial_reg-Basic-Default/CMakeFiles/CMakeTmp

Run Build Command:"/usr/bin/make" "cmTC_d3417/fast"
/usr/bin/make -f CMakeFiles/cmTC_d3417.dir/build.make CMakeFiles/cmTC_d3417.dir/build
make[1]: Entering directory '/home/julia/Desktop/pipeline_pcl_libpointmatcher/qt/build-debug_initial_reg-Basic-Default/CMakeFiles/CMakeTmp'
Building C object CMakeFiles/cmTC_d3417.dir/CheckSymbolExists.c.o
/usr/bin/cc     -o CMakeFiles/cmTC_d3417.dir/CheckSymbolExists.c.o   -c /home/julia/Desktop/pipeline_pcl_libpointmatcher/qt/build-debug_initial_reg-Basic-Default/CMakeFiles/CMakeTmp/CheckSymbolExists.c
Linking C executable cmTC_d3417
/usr/bin/cmake -E cmake_link_script CMakeFiles/cmTC_d3417.dir/link.txt --verbose=1
/usr/bin/cc       CMakeFiles/cmTC_d3417.dir/CheckSymbolExists.c.o  -o cmTC_d3417 -rdynamic 
CMakeFiles/cmTC_d3417.dir/CheckSymbolExists.c.o: In function `main':
CheckSymbolExists.c:(.text+0x1b): undefined reference to `pthread_create'
collect2: error: ld returned 1 exit status
CMakeFiles/cmTC_d3417.dir/build.make:97: recipe for target 'cmTC_d3417' failed
make[1]: *** [cmTC_d3417] Error 1
make[1]: Leaving directory '/home/julia/Desktop/pipeline_pcl_libpointmatcher/qt/build-debug_initial_reg-Basic-Default/CMakeFiles/CMakeTmp'
Makefile:126: recipe for target 'cmTC_d3417/fast' failed
make: *** [cmTC_d3417/fast] Error 2

File /home/julia/Desktop/pipeline_pcl_libpointmatcher/qt/build-debug_initial_reg-Basic-Default/CMakeFiles/CMakeTmp/CheckSymbolExists.c:
/* */
#include <pthread.h>

int main(int argc, char** argv)
{
  (void)argv;
#ifndef pthread_create
  return ((int*)(&pthread_create))[argc];
#else
  (void)argc;
  return 0;
#endif
}

Determining if the function pthread_create exists in the pthreads failed with the following output:
Change Dir: /home/julia/Desktop/pipeline_pcl_libpointmatcher/qt/build-debug_initial_reg-Basic-Default/CMakeFiles/CMakeTmp

Run Build Command:"/usr/bin/make" "cmTC_35e79/fast"
/usr/bin/make -f CMakeFiles/cmTC_35e79.dir/build.make CMakeFiles/cmTC_35e79.dir/build
make[1]: Entering directory '/home/julia/Desktop/pipeline_pcl_libpointmatcher/qt/build-debug_initial_reg-Basic-Default/CMakeFiles/CMakeTmp'
Building C object CMakeFiles/cmTC_35e79.dir/CheckFunctionExists.c.o
/usr/bin/cc    -DCHECK_FUNCTION_EXISTS=pthread_create   -o CMakeFiles/cmTC_35e79.dir/CheckFunctionExists.c.o   -c /usr/share/cmake-3.5/Modules/CheckFunctionExists.c
Linking C executable cmTC_35e79
/usr/bin/cmake -E cmake_link_script CMakeFiles/cmTC_35e79.dir/link.txt --verbose=1
/usr/bin/cc   -DCHECK_FUNCTION_EXISTS=pthread_create    CMakeFiles/cmTC_35e79.dir/CheckFunctionExists.c.o  -o cmTC_35e79 -rdynamic -lpthreads 
/usr/bin/ld: cannot find -lpthreads
collect2: error: ld returned 1 exit status
CMakeFiles/cmTC_35e79.dir/build.make:97: recipe for target 'cmTC_35e79' failed
make[1]: *** [cmTC_35e79] Error 1
make[1]: Leaving directory '/home/julia/Desktop/pipeline_pcl_libpointmatcher/qt/build-debug_initial_reg-Basic-Default/CMakeFiles/CMakeTmp'
Makefile:126: recipe for target 'cmTC_35e79/fast' failed
make: *** [cmTC_35e79/fast] Error 2


