Determining if the pthread_create exist failed with the following output:
Change Dir: /home/julia/Desktop/pipeline_pcl_libpointmatcher/build-initial_registration/CMakeFiles/CMakeTmp

Run Build Command:"/usr/bin/make" "cmTC_32b6c/fast"
/usr/bin/make -f CMakeFiles/cmTC_32b6c.dir/build.make CMakeFiles/cmTC_32b6c.dir/build
make[1]: Entering directory '/home/julia/Desktop/pipeline_pcl_libpointmatcher/build-initial_registration/CMakeFiles/CMakeTmp'
Building C object CMakeFiles/cmTC_32b6c.dir/CheckSymbolExists.c.o
/usr/bin/cc     -o CMakeFiles/cmTC_32b6c.dir/CheckSymbolExists.c.o   -c /home/julia/Desktop/pipeline_pcl_libpointmatcher/build-initial_registration/CMakeFiles/CMakeTmp/CheckSymbolExists.c
Linking C executable cmTC_32b6c
/usr/bin/cmake -E cmake_link_script CMakeFiles/cmTC_32b6c.dir/link.txt --verbose=1
/usr/bin/cc       CMakeFiles/cmTC_32b6c.dir/CheckSymbolExists.c.o  -o cmTC_32b6c -rdynamic 
CMakeFiles/cmTC_32b6c.dir/CheckSymbolExists.c.o: In function `main':
CheckSymbolExists.c:(.text+0x1b): undefined reference to `pthread_create'
collect2: error: ld returned 1 exit status
CMakeFiles/cmTC_32b6c.dir/build.make:97: recipe for target 'cmTC_32b6c' failed
make[1]: *** [cmTC_32b6c] Error 1
make[1]: Leaving directory '/home/julia/Desktop/pipeline_pcl_libpointmatcher/build-initial_registration/CMakeFiles/CMakeTmp'
Makefile:126: recipe for target 'cmTC_32b6c/fast' failed
make: *** [cmTC_32b6c/fast] Error 2

File /home/julia/Desktop/pipeline_pcl_libpointmatcher/build-initial_registration/CMakeFiles/CMakeTmp/CheckSymbolExists.c:
/* */
#include <pthread.h>

int main(int argc, char** argv)
{
  (void)argv;
#ifndef pthread_create
  return ((int*)(&pthread_create))[argc];
#else
  (void)argc;
  return 0;
#endif
}

Determining if the function pthread_create exists in the pthreads failed with the following output:
Change Dir: /home/julia/Desktop/pipeline_pcl_libpointmatcher/build-initial_registration/CMakeFiles/CMakeTmp

Run Build Command:"/usr/bin/make" "cmTC_3f60a/fast"
/usr/bin/make -f CMakeFiles/cmTC_3f60a.dir/build.make CMakeFiles/cmTC_3f60a.dir/build
make[1]: Entering directory '/home/julia/Desktop/pipeline_pcl_libpointmatcher/build-initial_registration/CMakeFiles/CMakeTmp'
Building C object CMakeFiles/cmTC_3f60a.dir/CheckFunctionExists.c.o
/usr/bin/cc    -DCHECK_FUNCTION_EXISTS=pthread_create   -o CMakeFiles/cmTC_3f60a.dir/CheckFunctionExists.c.o   -c /usr/share/cmake-3.5/Modules/CheckFunctionExists.c
Linking C executable cmTC_3f60a
/usr/bin/cmake -E cmake_link_script CMakeFiles/cmTC_3f60a.dir/link.txt --verbose=1
/usr/bin/cc   -DCHECK_FUNCTION_EXISTS=pthread_create    CMakeFiles/cmTC_3f60a.dir/CheckFunctionExists.c.o  -o cmTC_3f60a -rdynamic -lpthreads 
/usr/bin/ld: cannot find -lpthreads
collect2: error: ld returned 1 exit status
CMakeFiles/cmTC_3f60a.dir/build.make:97: recipe for target 'cmTC_3f60a' failed
make[1]: *** [cmTC_3f60a] Error 1
make[1]: Leaving directory '/home/julia/Desktop/pipeline_pcl_libpointmatcher/build-initial_registration/CMakeFiles/CMakeTmp'
Makefile:126: recipe for target 'cmTC_3f60a/fast' failed
make: *** [cmTC_3f60a/fast] Error 2


